<?xml version="1.0" encoding="UTF-8"?>
<!-- Generated by org.testng.reporters.JUnitReportReporter -->
<testsuite hostname="DESKTOP-P4JKDR6" failures="0" tests="8" name="annotations.FactoryDemo" time="0.042" errors="0" timestamp="2025-01-06T01:47:03 IST" skipped="0">
  <testcase classname="annotations.FactoryDemo" name="SampleTest1" time="0.001"/>
  <testcase classname="annotations.FactoryDemo" name="SampleTest2" time="0.002"/>
  <testcase classname="annotations.FactoryDemo" name="SampleTest1" time="0.017"/>
  <testcase classname="annotations.FactoryDemo" name="SampleTest2" time="0.008"/>
  <testcase classname="annotations.FactoryDemo" name="SampleTest1" time="0.001"/>
  <testcase classname="annotations.FactoryDemo" name="SampleTest2" time="0.006"/>
  <testcase classname="annotations.FactoryDemo" name="SampleTest1" time="0.002"/>
  <testcase classname="annotations.FactoryDemo" name="SampleTest2" time="0.005"/>
</testsuite> <!-- annotations.FactoryDemo -->
