<?xml version="1.0" encoding="UTF-8"?>
<!-- Generated by org.testng.reporters.JUnitReportReporter -->
<testsuite hostname="DESKTOP-P4JKDR6" failures="0" tests="5" name="attributes.PriorityExample2" time="0.021" errors="0" timestamp="2025-01-22T01:06:48 IST" skipped="0">
  <testcase classname="attributes.PriorityExample2" name="loginPage" time="0.012"/>
  <testcase classname="attributes.PriorityExample2" name="productPage" time="0.002"/>
  <testcase classname="attributes.PriorityExample2" name="cartPage" time="0.001"/>
  <testcase classname="attributes.PriorityExample2" name="checkoutPage" time="0.002"/>
  <testcase classname="attributes.PriorityExample2" name="paymentPage" time="0.004"/>
</testsuite> <!-- attributes.PriorityExample2 -->
