<?xml version="1.0" encoding="UTF-8"?>
<!-- Generated by org.testng.reporters.JUnitReportReporter -->
<testsuite hostname="DESKTOP-P4JKDR6" failures="0" tests="2" name="attributes_Part3.NewTestIgnoreMethodLevel" time="0.022" errors="0" timestamp="2025-01-25T00:59:12 IST" skipped="1">
  <testcase classname="attributes_Part3.NewTestIgnoreMethodLevel" name="testMethod_2" time="0.022"/>
  <testcase classname="attributes_Part3.NewTestIgnoreMethodLevel" name="testMethod_1">
    <skipped/>
  </testcase> <!-- testMethod_1 -->
</testsuite> <!-- attributes_Part3.NewTestIgnoreMethodLevel -->
