<?xml version="1.0" encoding="UTF-8"?>
<!-- Generated by org.testng.reporters.JUnitReportReporter -->
<testsuite hostname="DESKTOP-P4JKDR6" failures="0" tests="2" name="parameters.OptionalParameters2" time="0.014" errors="0" timestamp="2025-02-26T02:29:43 IST" skipped="0">
  <testcase classname="parameters.OptionalParameters2" name="loginTestcase" time="0.002"/>
  <testcase classname="parameters.OptionalParameters2" name="loginTestcase" time="0.012"/>
</testsuite> <!-- parameters.OptionalParameters2 -->
