<?xml version="1.0" encoding="UTF-8"?>
<!-- Generated by org.testng.reporters.JUnitReportReporter -->
<testsuite hostname="DESKTOP-P4JKDR6" failures="0" tests="4" name="annotations.HomePage" time="0.163" errors="0" timestamp="2025-01-06T01:05:08 IST" skipped="0">
  <testcase classname="annotations.HomePage" name="HomePageTestCase3" time="0.011"/>
  <testcase classname="annotations.HomePage" name="HomePageTestCase1" time="0.094"/>
  <testcase classname="annotations.HomePage" name="HomePageTestCase4" time="0.034"/>
  <testcase classname="annotations.HomePage" name="HomePageTestCase2" time="0.024"/>
</testsuite> <!-- annotations.HomePage -->
