<?xml version="1.0" encoding="UTF-8"?>
<!-- Generated by org.testng.reporters.JUnitReportReporter -->
<testsuite hostname="DESKTOP-P4JKDR6" failures="0" tests="2" name="annotations.DatatProviderExample" time="0.014" errors="0" timestamp="2025-01-06T01:59:27 IST" skipped="0">
  <testcase classname="annotations.DatatProviderExample" name="loginTestcase" time="0.013"/>
  <testcase classname="annotations.DatatProviderExample" name="loginTestcase" time="0.001"/>
</testsuite> <!-- annotations.DatatProviderExample -->
