<?xml version="1.0" encoding="UTF-8"?>
<!-- Generated by org.testng.reporters.JUnitReportReporter -->
<testsuite hostname="DESKTOP-P4JKDR6" failures="0" tests="4" name="attributes.EnabledDisableTests" time="0.009" errors="0" timestamp="2025-01-22T01:33:38 IST" skipped="3">
  <testcase classname="attributes.EnabledDisableTests" name="testCase2" time="0.009"/>
  <testcase classname="attributes.EnabledDisableTests" name="testCase3">
    <skipped/>
  </testcase> <!-- testCase3 -->
  <testcase classname="attributes.EnabledDisableTests" name="testCase4">
    <skipped/>
  </testcase> <!-- testCase4 -->
  <testcase classname="attributes.EnabledDisableTests" name="testCase1">
    <skipped/>
  </testcase> <!-- testCase1 -->
</testsuite> <!-- attributes.EnabledDisableTests -->
