<?xml version="1.0" encoding="UTF-8"?>
<!-- Generated by org.testng.reporters.JUnitReportReporter -->
<testsuite hostname="DESKTOP-P4JKDR6" failures="0" tests="2" name="attributes.DependsOnMethodsExample" time="0.014" errors="0" timestamp="2025-01-22T01:58:19 IST" skipped="0">
  <testcase classname="attributes.DependsOnMethodsExample" name="testMethod" time="0.002"/>
  <testcase classname="attributes.DependsOnMethodsExample" name="parentMethod" time="0.012"/>
</testsuite> <!-- attributes.DependsOnMethodsExample -->
