<?xml version="1.0" encoding="UTF-8"?>
<!-- Generated by org.testng.reporters.JUnitReportReporter -->
<testsuite hostname="DESKTOP-P4JKDR6" failures="0" tests="2" name="annotations.NewTest4" time="0.013" errors="0" timestamp="2025-01-03T03:23:23 IST" skipped="0">
  <testcase classname="annotations.NewTest4" name="testMethod_2" time="0.002"/>
  <testcase classname="annotations.NewTest4" name="testMethod_1" time="0.011"/>
</testsuite> <!-- annotations.NewTest4 -->
