<?xml version="1.0" encoding="UTF-8"?>
<!-- Generated by org.testng.reporters.JUnitReportReporter -->
<testsuite hostname="DESKTOP-P4JKDR6" failures="0" tests="5" name="groupTests.NewTest" time="0.034" errors="0" timestamp="2025-01-24T02:33:25 IST" skipped="0">
  <testcase classname="groupTests.NewTest" name="test1" time="0.015"/>
  <testcase classname="groupTests.NewTest" name="test2" time="0.004"/>
  <testcase classname="groupTests.NewTest" name="test5" time="0.006"/>
  <testcase classname="groupTests.NewTest" name="test4" time="0.007"/>
  <testcase classname="groupTests.NewTest" name="test3" time="0.002"/>
</testsuite> <!-- groupTests.NewTest -->
