<?xml version="1.0" encoding="UTF-8"?>
<!-- Generated by org.testng.reporters.JUnitReportReporter -->
<testsuite hostname="DESKTOP-P4JKDR6" failures="0" tests="4" name="annotations.IndicesDatatProviderExample" time="0.103" errors="0" timestamp="2025-01-11T17:12:43 IST" skipped="0">
  <testcase classname="annotations.IndicesDatatProviderExample" name="loginTestcase" time="0.031"/>
  <testcase classname="annotations.IndicesDatatProviderExample" name="profileInfo" time="0.011"/>
  <testcase classname="annotations.IndicesDatatProviderExample" name="loginTestcase" time="0.057"/>
  <testcase classname="annotations.IndicesDatatProviderExample" name="profileInfo" time="0.004"/>
</testsuite> <!-- annotations.IndicesDatatProviderExample -->
