<?xml version="1.0" encoding="UTF-8"?>
<!-- Generated by org.testng.reporters.JUnitReportReporter -->
<testsuite hostname="DESKTOP-P4JKDR6" failures="0" tests="5" name="annotations.DatatProviderExample2" time="0.023" errors="0" timestamp="2025-01-06T02:47:02 IST" skipped="0">
  <testcase classname="annotations.DatatProviderExample2" name="loginTestcase" time="0.010"/>
  <testcase classname="annotations.DatatProviderExample2" name="profileInfo" time="0.004"/>
  <testcase classname="annotations.DatatProviderExample2" name="profileInfo" time="0.004"/>
  <testcase classname="annotations.DatatProviderExample2" name="loginTestcase" time="0.003"/>
  <testcase classname="annotations.DatatProviderExample2" name="profileInfo" time="0.002"/>
</testsuite> <!-- annotations.DatatProviderExample2 -->
