<?xml version="1.0" encoding="UTF-8"?>
<!-- Generated by org.testng.reporters.JUnitReportReporter -->
<testsuite hostname="DESKTOP-P4JKDR6" failures="0" tests="2" name="parameters.OptionalParameters" time="0.014" errors="0" timestamp="2025-02-26T02:21:24 IST" skipped="0">
  <testcase classname="parameters.OptionalParameters" name="testMethod" time="0.012"/>
  <testcase classname="parameters.OptionalParameters" name="testMethod" time="0.002"/>
</testsuite> <!-- parameters.OptionalParameters -->
