<?xml version="1.0" encoding="UTF-8"?>
<!-- Generated by org.testng.reporters.JUnitReportReporter -->
<testsuite hostname="DESKTOP-P4JKDR6" failures="0" tests="5" name="attributes.PriorityEnabledDisabled" time="0.018" errors="0" timestamp="2025-01-22T01:21:55 IST" skipped="2">
  <testcase classname="attributes.PriorityEnabledDisabled" name="loginPage" time="0.015"/>
  <testcase classname="attributes.PriorityEnabledDisabled" name="cartPage" time="0.002"/>
  <testcase classname="attributes.PriorityEnabledDisabled" name="paymentPage" time="0.001"/>
  <testcase classname="attributes.PriorityEnabledDisabled" name="productPage">
    <skipped/>
  </testcase> <!-- productPage -->
  <testcase classname="attributes.PriorityEnabledDisabled" name="checkoutPage">
    <skipped/>
  </testcase> <!-- checkoutPage -->
</testsuite> <!-- attributes.PriorityEnabledDisabled -->
