<?xml version="1.0" encoding="UTF-8"?>
<!-- Generated by org.testng.reporters.JUnitReportReporter -->
<testsuite hostname="DESKTOP-P4JKDR6" failures="0" tests="2" name="annotations.NewTest" time="0.075" errors="0" timestamp="2025-01-25T00:47:11 IST" skipped="0">
  <testcase classname="annotations.NewTest" name="testMethod_1" time="0.061"/>
  <testcase classname="annotations.NewTest" name="testMethod_2" time="0.014"/>
</testsuite> <!-- annotations.NewTest -->
