<?xml version="1.0" encoding="UTF-8"?>
<!-- Generated by org.testng.reporters.JUnitReportReporter -->
<testsuite hostname="DESKTOP-P4JKDR6" failures="0" tests="1" name="attributes.InvocationTimeOutExample" time="3.027" errors="0" timestamp="2025-01-22T01:50:05 IST" skipped="0">
  <testcase classname="attributes.InvocationTimeOutExample" name="testData" time="3.027"/>
</testsuite> <!-- attributes.InvocationTimeOutExample -->
