<?xml version="1.0" encoding="UTF-8"?>
<!-- Generated by org.testng.reporters.JUnitReportReporter -->
<testsuite hostname="DESKTOP-P4JKDR6" failures="0" tests="3" name="attributes_Part1.DependsOnMethodsMultipleExample" time="0.012" errors="0" timestamp="2025-01-25T00:38:53 IST" skipped="0">
  <testcase classname="attributes_Part1.DependsOnMethodsMultipleExample" name="testMethod1" time="0.001"/>
  <testcase classname="attributes_Part1.DependsOnMethodsMultipleExample" name="parentMethod1" time="0.009"/>
  <testcase classname="attributes_Part1.DependsOnMethodsMultipleExample" name="parentMethod2" time="0.002"/>
</testsuite> <!-- attributes_Part1.DependsOnMethodsMultipleExample -->
