<?xml version="1.0" encoding="UTF-8"?>
<!-- Generated by org.testng.reporters.JUnitReportReporter -->
<testsuite hostname="DESKTOP-P4JKDR6" failures="0" tests="2" name="annotations.LoginPage" time="0.030" errors="0" timestamp="2025-01-06T01:05:08 IST" skipped="0">
  <testcase classname="annotations.LoginPage" name="LoginTestCase1" time="0.010"/>
  <testcase classname="annotations.LoginPage" name="LoginTestCase2" time="0.020"/>
</testsuite> <!-- annotations.LoginPage -->
