<?xml version="1.0" encoding="UTF-8"?>
<!-- Generated by org.testng.reporters.JUnitReportReporter -->
<testsuite hostname="DESKTOP-P4JKDR6" failures="0" tests="3" name="paralleltests.TestClass2" time="0.024" errors="0" timestamp="2025-02-27T04:11:31 IST" skipped="0">
  <testcase classname="paralleltests.TestClass2" name="testMethod3" time="0.002"/>
  <testcase classname="paralleltests.TestClass2" name="testMethod1" time="0.019"/>
  <testcase classname="paralleltests.TestClass2" name="testMethod2" time="0.003"/>
</testsuite> <!-- paralleltests.TestClass2 -->
