<?xml version="1.0" encoding="UTF-8"?>
<!-- Generated by org.testng.reporters.JUnitReportReporter -->
<testsuite hostname="DESKTOP-P4JKDR6" failures="0" tests="2" name="attributes_Part3.NewTestIgnoreXML" time="0.020" errors="0" timestamp="2025-01-25T00:55:32 IST" skipped="0">
  <testcase classname="attributes_Part3.NewTestIgnoreXML" name="testMethod_1" time="0.017"/>
  <testcase classname="attributes_Part3.NewTestIgnoreXML" name="testMethod_2" time="0.003"/>
</testsuite> <!-- attributes_Part3.NewTestIgnoreXML -->
