<?xml version="1.0" encoding="UTF-8"?>
<!-- Generated by org.testng.reporters.JUnitReportReporter -->
<testsuite hostname="DESKTOP-P4JKDR6" failures="0" tests="8" name="groupTests.NewTestGroups" time="0.051" errors="0" timestamp="2025-01-24T03:18:59 IST" skipped="0">
  <testcase classname="groupTests.NewTestGroups" name="test2" time="0.014"/>
  <testcase classname="groupTests.NewTestGroups" name="test1" time="0.002"/>
  <testcase classname="groupTests.NewTestGroups" name="test4" time="0.003"/>
  <testcase classname="groupTests.NewTestGroups" name="test4" time="0.018"/>
  <testcase classname="groupTests.NewTestGroups" name="test3" time="0.003"/>
  <testcase classname="groupTests.NewTestGroups" name="test1" time="0.006"/>
  <testcase classname="groupTests.NewTestGroups" name="test3" time="0.004"/>
  <testcase classname="groupTests.NewTestGroups" name="test5" time="0.001"/>
</testsuite> <!-- groupTests.NewTestGroups -->
