<?xml version="1.0" encoding="UTF-8"?>
<!-- Generated by org.testng.reporters.JUnitReportReporter -->
<testsuite hostname="DESKTOP-P4JKDR6" failures="0" tests="3" name="groupTests.NewTest3" time="0.013" errors="0" timestamp="2025-01-25T00:19:30 IST" skipped="0">
  <testcase classname="groupTests.NewTest3" name="testMethod3" time="0.005"/>
  <testcase classname="groupTests.NewTest3" name="testMethod1" time="0.006"/>
  <testcase classname="groupTests.NewTest3" name="testMethod2" time="0.002"/>
</testsuite> <!-- groupTests.NewTest3 -->
