<?xml version="1.0" encoding="UTF-8"?>
<!-- Generated by org.testng.reporters.JUnitReportReporter -->
<testsuite hostname="DESKTOP-P4JKDR6" failures="0" tests="2" name="annotations.NewTest2" time="0.011" errors="0" timestamp="2025-01-03T03:33:19 IST" skipped="0">
  <testcase classname="annotations.NewTest2" name="testMethod_2" time="0.004"/>
  <testcase classname="annotations.NewTest2" name="testMethod_1" time="0.007"/>
</testsuite> <!-- annotations.NewTest2 -->
