<?xml version="1.0" encoding="UTF-8"?>
<!-- Generated by org.testng.reporters.JUnitReportReporter -->
<testsuite hostname="DESKTOP-P4JKDR6" failures="0" tests="5" name="annotations.DataProviderParallel" time="0.038" errors="0" timestamp="2025-01-11T18:31:13 IST" skipped="0">
  <testcase classname="annotations.DataProviderParallel" name="testMethods" time="0.017"/>
  <testcase classname="annotations.DataProviderParallel" name="testMethods" time="0.001"/>
  <testcase classname="annotations.DataProviderParallel" name="testMethods" time="0.001"/>
  <testcase classname="annotations.DataProviderParallel" name="testMethods" time="0.002"/>
  <testcase classname="annotations.DataProviderParallel" name="testMethods" time="0.017"/>
</testsuite> <!-- annotations.DataProviderParallel -->
