<?xml version="1.0" encoding="UTF-8"?>
<!-- Generated by org.testng.reporters.JUnitReportReporter -->
<testsuite hostname="DESKTOP-P4JKDR6" failures="0" tests="3" name="parameters.ParametersExample2" time="0.012" errors="0" timestamp="2025-02-26T01:57:25 IST" skipped="0">
  <testcase classname="parameters.ParametersExample2" name="loginTestcase" time="0.002"/>
  <testcase classname="parameters.ParametersExample2" name="loginTestcase" time="0.009"/>
  <testcase classname="parameters.ParametersExample2" name="loginTestcase" time="0.001"/>
</testsuite> <!-- parameters.ParametersExample2 -->
