<?xml version="1.0" encoding="UTF-8"?>
<!-- Generated by org.testng.reporters.JUnitReportReporter -->
<testsuite hostname="DESKTOP-P4JKDR6" failures="0" tests="4" name="attributes_Part3.NewTestIgnoreCaseDisable" time="0.019" errors="0" timestamp="2025-01-25T01:01:25 IST" skipped="3">
  <testcase classname="attributes_Part3.NewTestIgnoreCaseDisable" name="testCase2" time="0.019"/>
  <testcase classname="attributes_Part3.NewTestIgnoreCaseDisable" name="testCase3">
    <skipped/>
  </testcase> <!-- testCase3 -->
  <testcase classname="attributes_Part3.NewTestIgnoreCaseDisable" name="testCase4">
    <skipped/>
  </testcase> <!-- testCase4 -->
  <testcase classname="attributes_Part3.NewTestIgnoreCaseDisable" name="testCase1">
    <skipped/>
  </testcase> <!-- testCase1 -->
</testsuite> <!-- attributes_Part3.NewTestIgnoreCaseDisable -->
