<?xml version="1.0" encoding="UTF-8"?>
<!-- Generated by org.testng.reporters.JUnitReportReporter -->
<testsuite hostname="DESKTOP-P4JKDR6" failures="0" tests="5" name="attributes.PriorityExample" time="0.015" errors="0" timestamp="2025-01-22T01:03:59 IST" skipped="0">
  <testcase classname="attributes.PriorityExample" name="loginPage" time="0.009"/>
  <testcase classname="attributes.PriorityExample" name="productPage" time="0.001"/>
  <testcase classname="attributes.PriorityExample" name="cartPage" time="0.002"/>
  <testcase classname="attributes.PriorityExample" name="checkoutPage" time="0.002"/>
  <testcase classname="attributes.PriorityExample" name="paymentPage" time="0.001"/>
</testsuite> <!-- attributes.PriorityExample -->
