<?xml version="1.0" encoding="UTF-8"?>
<!-- Generated by org.testng.reporters.JUnitReportReporter -->
<testsuite hostname="DESKTOP-P4JKDR6" failures="0" tests="2" name="FirstTestNGProgram.NewTest" time="0.016" errors="0" timestamp="2024-12-30T02:16:34 IST" skipped="0">
  <testcase classname="FirstTestNGProgram.NewTest" name="secondTest" time="0.002"/>
  <testcase classname="FirstTestNGProgram.NewTest" name="firstTest" time="0.014"/>
</testsuite> <!-- FirstTestNGProgram.NewTest -->
