<?xml version="1.0" encoding="UTF-8"?>
<!-- Generated by org.testng.reporters.JUnitReportReporter -->
<testsuite hostname="DESKTOP-P4JKDR6" failures="0" tests="2" name="annotations.NewTest3" time="0.012" errors="0" timestamp="2025-01-03T03:16:50 IST" skipped="0">
  <testcase classname="annotations.NewTest3" name="testMethod_1" time="0.010"/>
  <testcase classname="annotations.NewTest3" name="testMethod_2" time="0.002"/>
</testsuite> <!-- annotations.NewTest3 -->
