<?xml version="1.0" encoding="UTF-8"?>
<!-- Generated by org.testng.reporters.JUnitReportReporter -->
<testsuite hostname="DESKTOP-P4JKDR6" failures="0" tests="5" name="attributes.PriorityExample4" time="0.021" errors="0" timestamp="2025-01-22T01:17:45 IST" skipped="0">
  <testcase classname="attributes.PriorityExample4" name="loginPage" time="0.014"/>
  <testcase classname="attributes.PriorityExample4" name="checkoutPage" time="0.001"/>
  <testcase classname="attributes.PriorityExample4" name="cartPage" time="0.001"/>
  <testcase classname="attributes.PriorityExample4" name="productPage" time="0.003"/>
  <testcase classname="attributes.PriorityExample4" name="paymentPage" time="0.002"/>
</testsuite> <!-- attributes.PriorityExample4 -->
