<?xml version="1.0" encoding="UTF-8"?>
<!-- Generated by org.testng.reporters.JUnitReportReporter -->
<testsuite hostname="DESKTOP-P4JKDR6" failures="0" tests="3" name="attributes.DependsOnMethodsMultipleExample" time="0.014" errors="0" timestamp="2025-01-22T02:03:37 IST" skipped="0">
  <testcase classname="attributes.DependsOnMethodsMultipleExample" name="testMethod1" time="0.002"/>
  <testcase classname="attributes.DependsOnMethodsMultipleExample" name="parentMethod1" time="0.011"/>
  <testcase classname="attributes.DependsOnMethodsMultipleExample" name="parentMethod2" time="0.001"/>
</testsuite> <!-- attributes.DependsOnMethodsMultipleExample -->
