<?xml version="1.0" encoding="UTF-8"?>
<!-- Generated by org.testng.reporters.JUnitReportReporter -->
<testsuite hostname="DESKTOP-P4JKDR6" failures="0" tests="2" name="annotations.WithoutDatatProviderName" time="0.011" errors="0" timestamp="2025-01-06T02:32:36 IST" skipped="0">
  <testcase classname="annotations.WithoutDatatProviderName" name="loginTestcase" time="0.010"/>
  <testcase classname="annotations.WithoutDatatProviderName" name="loginTestcase" time="0.001"/>
</testsuite> <!-- annotations.WithoutDatatProviderName -->
