<?xml version="1.0" encoding="UTF-8"?>
<!-- Generated by org.testng.reporters.JUnitReportReporter -->
<testsuite hostname="DESKTOP-P4JKDR6" failures="0" tests="5" name="attributes.EnabledDisabled" time="0.019" errors="0" timestamp="2025-01-22T01:19:57 IST" skipped="0">
  <testcase classname="attributes.EnabledDisabled" name="loginPage" time="0.010"/>
  <testcase classname="attributes.EnabledDisabled" name="productPage" time="0.001"/>
  <testcase classname="attributes.EnabledDisabled" name="cartPage" time="0.002"/>
  <testcase classname="attributes.EnabledDisabled" name="checkoutPage" time="0.005"/>
  <testcase classname="attributes.EnabledDisabled" name="paymentPage" time="0.001"/>
</testsuite> <!-- attributes.EnabledDisabled -->
