<?xml version="1.0" encoding="UTF-8"?>
<!-- Generated by org.testng.reporters.JUnitReportReporter -->
<testsuite hostname="DESKTOP-P4JKDR6" failures="0" tests="2" name="parameters.ParametersExample" time="0.025" errors="0" timestamp="2025-02-26T01:45:54 IST" skipped="0">
  <testcase classname="parameters.ParametersExample" name="testMethod" time="0.005"/>
  <testcase classname="parameters.ParametersExample" name="testMethod" time="0.020"/>
</testsuite> <!-- parameters.ParametersExample -->
