<?xml version="1.0" encoding="UTF-8"?>
<!-- Generated by org.testng.reporters.JUnitReportReporter -->
<testsuite hostname="DESKTOP-P4JKDR6" failures="0" tests="3" name="attributes_Part1.DependsOnMethodsExample" time="0.012" errors="0" timestamp="2025-01-25T00:38:24 IST" skipped="0">
  <testcase classname="attributes_Part1.DependsOnMethodsExample" name="testMethod1" time="0.001"/>
  <testcase classname="attributes_Part1.DependsOnMethodsExample" name="parentMethod" time="0.010"/>
  <testcase classname="attributes_Part1.DependsOnMethodsExample" name="testMethod" time="0.001"/>
</testsuite> <!-- attributes_Part1.DependsOnMethodsExample -->
