<?xml version="1.0" encoding="UTF-8"?>
<!-- Generated by org.testng.reporters.JUnitReportReporter -->
<testsuite hostname="DESKTOP-P4JKDR6" failures="0" tests="2" name="attributes_Part3.NewTestDescription" time="0.035" errors="0" timestamp="2025-01-25T01:07:59 IST" skipped="0">
  <testcase classname="attributes_Part3.NewTestDescription" name="testMethod_1" time="0.026"/>
  <testcase classname="attributes_Part3.NewTestDescription" name="testMethod_2" time="0.009"/>
</testsuite> <!-- attributes_Part3.NewTestDescription -->
