<?xml version="1.0" encoding="UTF-8"?>
<!-- Generated by org.testng.reporters.JUnitReportReporter -->
<testsuite hostname="DESKTOP-P4JKDR6" failures="0" tests="1" name="assertionsTests.softAssertion" time="0.018" errors="0" timestamp="2025-02-16T03:21:15 IST" skipped="0">
  <testcase classname="assertionsTests.softAssertion" name="webAppTest" time="0.018"/>
</testsuite> <!-- assertionsTests.softAssertion -->
