<?xml version="1.0" encoding="UTF-8"?>
<!-- Generated by org.testng.reporters.JUnitReportReporter -->
<testsuite hostname="DESKTOP-P4JKDR6" failures="0" tests="5" name="groupTests.NewTestGroups2" time="0.033" errors="0" timestamp="2025-01-24T03:04:57 IST" skipped="0">
  <testcase classname="groupTests.NewTestGroups2" name="test10" time="0.017"/>
  <testcase classname="groupTests.NewTestGroups2" name="test7" time="0.007"/>
  <testcase classname="groupTests.NewTestGroups2" name="test8" time="0.004"/>
  <testcase classname="groupTests.NewTestGroups2" name="test9" time="0.002"/>
  <testcase classname="groupTests.NewTestGroups2" name="test6" time="0.003"/>
</testsuite> <!-- groupTests.NewTestGroups2 -->
