<?xml version="1.0" encoding="UTF-8"?>
<!-- Generated by org.testng.reporters.JUnitReportReporter -->
<testsuite hostname="DESKTOP-P4JKDR6" failures="0" tests="5" name="annotations.MultipleDatatProviderExample" time="0.014" errors="0" timestamp="2025-01-06T03:16:13 IST" skipped="0">
  <testcase classname="annotations.MultipleDatatProviderExample" name="loginTestcase" time="0.001"/>
  <testcase classname="annotations.MultipleDatatProviderExample" name="profileInfo" time="0.003"/>
  <testcase classname="annotations.MultipleDatatProviderExample" name="profileInfo" time="0.003"/>
  <testcase classname="annotations.MultipleDatatProviderExample" name="loginTestcase" time="0.006"/>
  <testcase classname="annotations.MultipleDatatProviderExample" name="profileInfo" time="0.001"/>
</testsuite> <!-- annotations.MultipleDatatProviderExample -->
