<?xml version="1.0" encoding="UTF-8"?>
<!-- Generated by org.testng.reporters.JUnitReportReporter -->
<testsuite hostname="DESKTOP-P4JKDR6" failures="0" tests="100" name="attributes.InvocationthreadPoolSizeExample" time="3.303" errors="0" timestamp="2025-01-22T01:54:02 IST" skipped="0">
  <testcase classname="attributes.InvocationthreadPoolSizeExample" name="testData" time="0.002"/>
  <testcase classname="attributes.InvocationthreadPoolSizeExample" name="testData" time="0.009"/>
  <testcase classname="attributes.InvocationthreadPoolSizeExample" name="testData" time="0.012"/>
  <testcase classname="attributes.InvocationthreadPoolSizeExample" name="testData" time="0.065"/>
  <testcase classname="attributes.InvocationthreadPoolSizeExample" name="testData" time="0.006"/>
  <testcase classname="attributes.InvocationthreadPoolSizeExample" name="testData" time="0.001"/>
  <testcase classname="attributes.InvocationthreadPoolSizeExample" name="testData" time="0.046"/>
  <testcase classname="attributes.InvocationthreadPoolSizeExample" name="testData" time="0.024"/>
  <testcase classname="attributes.InvocationthreadPoolSizeExample" name="testData" time="0.183"/>
  <testcase classname="attributes.InvocationthreadPoolSizeExample" name="testData" time="0.003"/>
  <testcase classname="attributes.InvocationthreadPoolSizeExample" name="testData" time="0.001"/>
  <testcase classname="attributes.InvocationthreadPoolSizeExample" name="testData" time="0.036"/>
  <testcase classname="attributes.InvocationthreadPoolSizeExample" name="testData" time="0.000"/>
  <testcase classname="attributes.InvocationthreadPoolSizeExample" name="testData" time="0.008"/>
  <testcase classname="attributes.InvocationthreadPoolSizeExample" name="testData" time="0.002"/>
  <testcase classname="attributes.InvocationthreadPoolSizeExample" name="testData" time="0.001"/>
  <testcase classname="attributes.InvocationthreadPoolSizeExample" name="testData" time="0.049"/>
  <testcase classname="attributes.InvocationthreadPoolSizeExample" name="testData" time="0.042"/>
  <testcase classname="attributes.InvocationthreadPoolSizeExample" name="testData" time="0.024"/>
  <testcase classname="attributes.InvocationthreadPoolSizeExample" name="testData" time="0.052"/>
  <testcase classname="attributes.InvocationthreadPoolSizeExample" name="testData" time="0.013"/>
  <testcase classname="attributes.InvocationthreadPoolSizeExample" name="testData" time="0.030"/>
  <testcase classname="attributes.InvocationthreadPoolSizeExample" name="testData" time="0.001"/>
  <testcase classname="attributes.InvocationthreadPoolSizeExample" name="testData" time="0.041"/>
  <testcase classname="attributes.InvocationthreadPoolSizeExample" name="testData" time="0.049"/>
  <testcase classname="attributes.InvocationthreadPoolSizeExample" name="testData" time="0.001"/>
  <testcase classname="attributes.InvocationthreadPoolSizeExample" name="testData" time="0.003"/>
  <testcase classname="attributes.InvocationthreadPoolSizeExample" name="testData" time="0.001"/>
  <testcase classname="attributes.InvocationthreadPoolSizeExample" name="testData" time="0.011"/>
  <testcase classname="attributes.InvocationthreadPoolSizeExample" name="testData" time="0.002"/>
  <testcase classname="attributes.InvocationthreadPoolSizeExample" name="testData" time="0.003"/>
  <testcase classname="attributes.InvocationthreadPoolSizeExample" name="testData" time="0.062"/>
  <testcase classname="attributes.InvocationthreadPoolSizeExample" name="testData" time="0.005"/>
  <testcase classname="attributes.InvocationthreadPoolSizeExample" name="testData" time="0.002"/>
  <testcase classname="attributes.InvocationthreadPoolSizeExample" name="testData" time="0.002"/>
  <testcase classname="attributes.InvocationthreadPoolSizeExample" name="testData" time="0.007"/>
  <testcase classname="attributes.InvocationthreadPoolSizeExample" name="testData" time="0.131"/>
  <testcase classname="attributes.InvocationthreadPoolSizeExample" name="testData" time="0.028"/>
  <testcase classname="attributes.InvocationthreadPoolSizeExample" name="testData" time="0.028"/>
  <testcase classname="attributes.InvocationthreadPoolSizeExample" name="testData" time="0.151"/>
  <testcase classname="attributes.InvocationthreadPoolSizeExample" name="testData" time="0.002"/>
  <testcase classname="attributes.InvocationthreadPoolSizeExample" name="testData" time="0.009"/>
  <testcase classname="attributes.InvocationthreadPoolSizeExample" name="testData" time="0.053"/>
  <testcase classname="attributes.InvocationthreadPoolSizeExample" name="testData" time="0.001"/>
  <testcase classname="attributes.InvocationthreadPoolSizeExample" name="testData" time="0.001"/>
  <testcase classname="attributes.InvocationthreadPoolSizeExample" name="testData" time="0.002"/>
  <testcase classname="attributes.InvocationthreadPoolSizeExample" name="testData" time="0.166"/>
  <testcase classname="attributes.InvocationthreadPoolSizeExample" name="testData" time="0.031"/>
  <testcase classname="attributes.InvocationthreadPoolSizeExample" name="testData" time="0.001"/>
  <testcase classname="attributes.InvocationthreadPoolSizeExample" name="testData" time="0.188"/>
  <testcase classname="attributes.InvocationthreadPoolSizeExample" name="testData" time="0.002"/>
  <testcase classname="attributes.InvocationthreadPoolSizeExample" name="testData" time="0.001"/>
  <testcase classname="attributes.InvocationthreadPoolSizeExample" name="testData" time="0.006"/>
  <testcase classname="attributes.InvocationthreadPoolSizeExample" name="testData" time="0.003"/>
  <testcase classname="attributes.InvocationthreadPoolSizeExample" name="testData" time="0.077"/>
  <testcase classname="attributes.InvocationthreadPoolSizeExample" name="testData" time="0.089"/>
  <testcase classname="attributes.InvocationthreadPoolSizeExample" name="testData" time="0.003"/>
  <testcase classname="attributes.InvocationthreadPoolSizeExample" name="testData" time="0.058"/>
  <testcase classname="attributes.InvocationthreadPoolSizeExample" name="testData" time="0.002"/>
  <testcase classname="attributes.InvocationthreadPoolSizeExample" name="testData" time="0.086"/>
  <testcase classname="attributes.InvocationthreadPoolSizeExample" name="testData" time="0.067"/>
  <testcase classname="attributes.InvocationthreadPoolSizeExample" name="testData" time="0.026"/>
  <testcase classname="attributes.InvocationthreadPoolSizeExample" name="testData" time="0.055"/>
  <testcase classname="attributes.InvocationthreadPoolSizeExample" name="testData" time="0.002"/>
  <testcase classname="attributes.InvocationthreadPoolSizeExample" name="testData" time="0.090"/>
  <testcase classname="attributes.InvocationthreadPoolSizeExample" name="testData" time="0.029"/>
  <testcase classname="attributes.InvocationthreadPoolSizeExample" name="testData" time="0.001"/>
  <testcase classname="attributes.InvocationthreadPoolSizeExample" name="testData" time="0.004"/>
  <testcase classname="attributes.InvocationthreadPoolSizeExample" name="testData" time="0.004"/>
  <testcase classname="attributes.InvocationthreadPoolSizeExample" name="testData" time="0.041"/>
  <testcase classname="attributes.InvocationthreadPoolSizeExample" name="testData" time="0.076"/>
  <testcase classname="attributes.InvocationthreadPoolSizeExample" name="testData" time="0.026"/>
  <testcase classname="attributes.InvocationthreadPoolSizeExample" name="testData" time="0.074"/>
  <testcase classname="attributes.InvocationthreadPoolSizeExample" name="testData" time="0.047"/>
  <testcase classname="attributes.InvocationthreadPoolSizeExample" name="testData" time="0.026"/>
  <testcase classname="attributes.InvocationthreadPoolSizeExample" name="testData" time="0.012"/>
  <testcase classname="attributes.InvocationthreadPoolSizeExample" name="testData" time="0.021"/>
  <testcase classname="attributes.InvocationthreadPoolSizeExample" name="testData" time="0.002"/>
  <testcase classname="attributes.InvocationthreadPoolSizeExample" name="testData" time="0.076"/>
  <testcase classname="attributes.InvocationthreadPoolSizeExample" name="testData" time="0.189"/>
  <testcase classname="attributes.InvocationthreadPoolSizeExample" name="testData" time="0.082"/>
  <testcase classname="attributes.InvocationthreadPoolSizeExample" name="testData" time="0.002"/>
  <testcase classname="attributes.InvocationthreadPoolSizeExample" name="testData" time="0.014"/>
  <testcase classname="attributes.InvocationthreadPoolSizeExample" name="testData" time="0.061"/>
  <testcase classname="attributes.InvocationthreadPoolSizeExample" name="testData" time="0.109"/>
  <testcase classname="attributes.InvocationthreadPoolSizeExample" name="testData" time="0.008"/>
  <testcase classname="attributes.InvocationthreadPoolSizeExample" name="testData" time="0.016"/>
  <testcase classname="attributes.InvocationthreadPoolSizeExample" name="testData" time="0.002"/>
  <testcase classname="attributes.InvocationthreadPoolSizeExample" name="testData" time="0.008"/>
  <testcase classname="attributes.InvocationthreadPoolSizeExample" name="testData" time="0.003"/>
  <testcase classname="attributes.InvocationthreadPoolSizeExample" name="testData" time="0.005"/>
  <testcase classname="attributes.InvocationthreadPoolSizeExample" name="testData" time="0.003"/>
  <testcase classname="attributes.InvocationthreadPoolSizeExample" name="testData" time="0.030"/>
  <testcase classname="attributes.InvocationthreadPoolSizeExample" name="testData" time="0.002"/>
  <testcase classname="attributes.InvocationthreadPoolSizeExample" name="testData" time="0.011"/>
  <testcase classname="attributes.InvocationthreadPoolSizeExample" name="testData" time="0.011"/>
  <testcase classname="attributes.InvocationthreadPoolSizeExample" name="testData" time="0.001"/>
  <testcase classname="attributes.InvocationthreadPoolSizeExample" name="testData" time="0.010"/>
  <testcase classname="attributes.InvocationthreadPoolSizeExample" name="testData" time="0.111"/>
  <testcase classname="attributes.InvocationthreadPoolSizeExample" name="testData" time="0.028"/>
</testsuite> <!-- attributes.InvocationthreadPoolSizeExample -->
